#
# There is insufficient memory for the Java Runtime Environment to continue.
# Native memory allocation (malloc) failed to allocate 1864 bytes for AllocateHeap
# Possible reasons:
#   The system is out of physical RAM or swap space
#   In 32 bit mode, the process size limit was hit
# Possible solutions:
#   Reduce memory load on the system
#   Increase physical memory or swap space
#   Check if swap backing store is full
#   Use 64 bit Java on a 64 bit OS
#   Decrease Java heap size (-Xmx/-Xms)
#   Decrease number of Java threads
#   Decrease Java thread stack sizes (-Xss)
#   Set larger code cache with -XX:ReservedCodeCacheSize=
# This output file may be truncated or incomplete.
#
#  Out of Memory Error (memory/allocation.inline.hpp:61), pid=16484, tid=0x0000000000002ab8
#
# JRE version: Java(TM) SE Runtime Environment (8.0_144-b01) (build 1.8.0_144-b01)
# Java VM: Java HotSpot(TM) 64-Bit Server VM (25.144-b01 mixed mode windows-amd64 compressed oops)
# Failed to write core dump. Minidumps are not enabled by default on client versions of Windows
#

---------------  T H R E A D  ---------------

Current thread (0x000000000272e000):  JavaThread "main" [_thread_in_Java, id=10936, stack(0x0000000002730000,0x0000000002830000)]

Stack: [0x0000000002730000,0x0000000002830000]
[error occurred during error reporting (printing stack bounds), id 0xe0000000]

Native frames: (J=compiled Java code, j=interpreted, Vv=VM code, C=native code)

Java frames: (J=compiled Java code, j=interpreted, Vv=VM code)
v  blob 0x0000000002a757ba
J 452 C2 sun.nio.cs.StreamDecoder.implRead([CII)I (243 bytes) @ 0x0000000002c8d32c [0x0000000002c8ca60+0x8cc]
J 454 C2 java.io.Reader.read(Ljava/nio/CharBuffer;)I (35 bytes) @ 0x0000000002c87b30 [0x0000000002c87980+0x1b0]
J 410 C2 java.util.Scanner.nextLine()Ljava/lang/String; (88 bytes) @ 0x0000000002c650e0 [0x0000000002c64740+0x9a0]
J 421% C2 dk.aau.cs.idq.utilities.ReadDest2Dest.getDest2Dest()[[[Ljava/util/List; (249 bytes) @ 0x0000000002c7daec [0x0000000002c7cf00+0xbec]
j  dk.aau.cs.idq.utilities.ReadDest2Dest.getDest2Dest(III)Ljava/util/List;+6
j  dk.aau.cs.idq.indoorentities.Person.go()V+137
j  dk.aau.cs.idq.indoorentities.Person.step()V+37
j  dk.aau.cs.idq.indoorentities.Person.main([Ljava/lang/String;)V+46
v  ~StubRoutines::call_stub

---------------  P R O C E S S  ---------------

Java Threads: ( => current thread )
  0x0000000018a80800 JavaThread "Service Thread" daemon [_thread_blocked, id=2860, stack(0x00000000195d0000,0x00000000196d0000)]
  0x0000000018a00000 JavaThread "C1 CompilerThread2" daemon [_thread_blocked, id=9504, stack(0x00000000194d0000,0x00000000195d0000)]
  0x00000000189ff000 JavaThread "C2 CompilerThread1" daemon [_thread_blocked, id=19380, stack(0x00000000193d0000,0x00000000194d0000)]
  0x0000000018a06800 JavaThread "C2 CompilerThread0" daemon [_thread_blocked, id=18504, stack(0x00000000192d0000,0x00000000193d0000)]
  0x00000000189ee000 JavaThread "JDWP Command Reader" daemon [_thread_in_native, id=5508, stack(0x00000000191d0000,0x00000000192d0000)]
  0x00000000189e7000 JavaThread "JDWP Event Helper Thread" daemon [_thread_blocked, id=9180, stack(0x00000000190d0000,0x00000000191d0000)]
  0x00000000189e2800 JavaThread "JDWP Transport Listener: dt_socket" daemon [_thread_blocked, id=10068, stack(0x0000000018fd0000,0x00000000190d0000)]
  0x00000000189d8800 JavaThread "Attach Listener" daemon [_thread_blocked, id=8096, stack(0x0000000018ed0000,0x0000000018fd0000)]
  0x000000001761f000 JavaThread "Signal Dispatcher" daemon [_thread_blocked, id=16156, stack(0x0000000018dd0000,0x0000000018ed0000)]
  0x0000000002a2d000 JavaThread "Finalizer" daemon [_thread_blocked, id=15652, stack(0x0000000018870000,0x0000000018970000)]
  0x0000000002a22000 JavaThread "Reference Handler" daemon [_thread_blocked, id=18208, stack(0x0000000018770000,0x0000000018870000)]
=>0x000000000272e000 JavaThread "main" [_thread_in_Java, id=10936, stack(0x0000000002730000,0x0000000002830000)]

Other Threads:
  0x00000000175d7800 VMThread [stack: 0x0000000018670000,0x0000000018770000] [id=16892]
  0x0000000018acd000 WatcherThread [stack: 0x00000000196d0000,0x00000000197d0000] [id=19420]

VM state:not at safepoint (normal execution)

VM Mutex/Monitor currently owned by a thread: None

Heap:
 PSYoungGen      total 299008K, used 51269K [0x00000000d5780000, 0x00000000f3b00000, 0x0000000100000000)
  eden space 258048K, 3% used [0x00000000d5780000,0x00000000d61914a0,0x00000000e5380000)
  from space 40960K, 100% used [0x00000000f1300000,0x00000000f3b00000,0x00000000f3b00000)
  to   space 28160K, 0% used [0x00000000e5380000,0x00000000e5380000,0x00000000e6f00000)
 ParOldGen       total 87552K, used 68606K [0x0000000080600000, 0x0000000085b80000, 0x00000000d5780000)
  object space 87552K, 78% used [0x0000000080600000,0x00000000848ff8f0,0x0000000085b80000)
 Metaspace       used 4569K, capacity 4894K, committed 5248K, reserved 1056768K
  class space    used 488K, capacity 530K, committed 640K, reserved 1048576K

Card table byte_map: [0x0000000011df0000,0x00000000121f0000] byte_map_base: 0x00000000119ed000

Marking Bits: (ParMarkBitMap*) 0x0000000076a9d850
 Begin Bits: [0x00000000128a0000, 0x0000000014888000)
 End Bits:   [0x0000000014888000, 0x0000000016870000)

Polling page: 0x0000000002340000

CodeCache: size=245760Kb used=2422Kb max_used=2433Kb free=243337Kb
 bounds [0x0000000002a30000, 0x0000000002ca0000, 0x0000000011a30000]
 total_blobs=726 nmethods=456 adapters=191
 compilation: enabled

Compilation events (10 events):
Event: 0.920 Thread 0x0000000018a06800 nmethod 454 0x0000000002c87810 code [0x0000000002c87980, 0x0000000002c882c8]
Event: 0.920 Thread 0x0000000018a06800  455       4       java.nio.CharBuffer::array (35 bytes)
Event: 0.920 Thread 0x0000000018a06800 nmethod 455 0x0000000002c87590 code [0x0000000002c876c0, 0x0000000002c87758]
Event: 0.921 Thread 0x00000000189ff000 nmethod 453 0x0000000002c93ad0 code [0x0000000002c93cc0, 0x0000000002c95238]
Event: 0.939 Thread 0x0000000018a06800  457       4       java.nio.HeapCharBuffer::compact (52 bytes)
Event: 0.939 Thread 0x00000000189ff000  456       4       java.util.Scanner::makeSpace (133 bytes)
Event: 0.941 Thread 0x0000000018a06800 nmethod 457 0x0000000002c86fd0 code [0x0000000002c87120, 0x0000000002c87358]
Event: 0.942 Thread 0x00000000189ff000 nmethod 456 0x0000000002c89490 code [0x0000000002c89600, 0x0000000002c89a38]
Event: 1.146 Thread 0x0000000018a00000  458       1       java.nio.DirectByteBuffer::address (5 bytes)
Event: 1.146 Thread 0x0000000018a00000 nmethod 458 0x0000000002c891d0 code [0x0000000002c89320, 0x0000000002c89430]

GC Heap History (10 events):
Event: 0.887 GC heap before
{Heap before GC invocations=6 (full 0):
 PSYoungGen      total 71680K, used 71680K [0x00000000d5780000, 0x00000000df380000, 0x0000000100000000)
  eden space 66560K, 100% used [0x00000000d5780000,0x00000000d9880000,0x00000000d9880000)
  from space 5120K, 100% used [0x00000000d9880000,0x00000000d9d80000,0x00000000d9d80000)
  to   space 13312K, 0% used [0x00000000de680000,0x00000000de680000,0x00000000df380000)
 ParOldGen       total 87552K, used 16806K [0x0000000080600000, 0x0000000085b80000, 0x00000000d5780000)
  object space 87552K, 19% used [0x0000000080600000,0x00000000816698f0,0x0000000085b80000)
 Metaspace       used 4569K, capacity 4894K, committed 5248K, reserved 1056768K
  class space    used 488K, capacity 530K, committed 640K, reserved 1048576K
Event: 0.896 GC heap after
Heap after GC invocations=6 (full 0):
 PSYoungGen      total 145408K, used 12064K [0x00000000d5780000, 0x00000000df580000, 0x0000000100000000)
  eden space 132096K, 0% used [0x00000000d5780000,0x00000000d5780000,0x00000000dd880000)
  from space 13312K, 90% used [0x00000000de680000,0x00000000df248000,0x00000000df380000)
  to   space 14336K, 0% used [0x00000000dd880000,0x00000000dd880000,0x00000000de680000)
 ParOldGen       total 87552K, used 16806K [0x0000000080600000, 0x0000000085b80000, 0x00000000d5780000)
  object space 87552K, 19% used [0x0000000080600000,0x00000000816698f0,0x0000000085b80000)
 Metaspace       used 4569K, capacity 4894K, committed 5248K, reserved 1056768K
  class space    used 488K, capacity 530K, committed 640K, reserved 1048576K
}
Event: 1.008 GC heap before
{Heap before GC invocations=7 (full 0):
 PSYoungGen      total 145408K, used 144160K [0x00000000d5780000, 0x00000000df580000, 0x0000000100000000)
  eden space 132096K, 100% used [0x00000000d5780000,0x00000000dd880000,0x00000000dd880000)
  from space 13312K, 90% used [0x00000000de680000,0x00000000df248000,0x00000000df380000)
  to   space 14336K, 0% used [0x00000000dd880000,0x00000000dd880000,0x00000000de680000)
 ParOldGen       total 87552K, used 16806K [0x0000000080600000, 0x0000000085b80000, 0x00000000d5780000)
  object space 87552K, 19% used [0x0000000080600000,0x00000000816698f0,0x0000000085b80000)
 Metaspace       used 4569K, capacity 4894K, committed 5248K, reserved 1056768K
  class space    used 488K, capacity 530K, committed 640K, reserved 1048576K
Event: 1.039 GC heap after
Heap after GC invocations=7 (full 0):
 PSYoungGen      total 146432K, used 14336K [0x00000000d5780000, 0x00000000e8480000, 0x0000000100000000)
  eden space 132096K, 0% used [0x00000000d5780000,0x00000000d5780000,0x00000000dd880000)
  from space 14336K, 100% used [0x00000000dd880000,0x00000000de680000,0x00000000de680000)
  to   space 22016K, 0% used [0x00000000e6f00000,0x00000000e6f00000,0x00000000e8480000)
 ParOldGen       total 87552K, used 28334K [0x0000000080600000, 0x0000000085b80000, 0x00000000d5780000)
  object space 87552K, 32% used [0x0000000080600000,0x00000000821ab8f0,0x0000000085b80000)
 Metaspace       used 4569K, capacity 4894K, committed 5248K, reserved 1056768K
  class space    used 488K, capacity 530K, committed 640K, reserved 1048576K
}
Event: 1.116 GC heap before
{Heap before GC invocations=8 (full 0):
 PSYoungGen      total 146432K, used 146432K [0x00000000d5780000, 0x00000000e8480000, 0x0000000100000000)
  eden space 132096K, 100% used [0x00000000d5780000,0x00000000dd880000,0x00000000dd880000)
  from space 14336K, 100% used [0x00000000dd880000,0x00000000de680000,0x00000000de680000)
  to   space 22016K, 0% used [0x00000000e6f00000,0x00000000e6f00000,0x00000000e8480000)
 ParOldGen       total 87552K, used 28334K [0x0000000080600000, 0x0000000085b80000, 0x00000000d5780000)
  object space 87552K, 32% used [0x0000000080600000,0x00000000821ab8f0,0x0000000085b80000)
 Metaspace       used 4569K, capacity 4894K, committed 5248K, reserved 1056768K
  class space    used 488K, capacity 530K, committed 640K, reserved 1048576K
Event: 1.142 GC heap after
Heap after GC invocations=8 (full 0):
 PSYoungGen      total 280064K, used 22016K [0x00000000d5780000, 0x00000000e9080000, 0x0000000100000000)
  eden space 258048K, 0% used [0x00000000d5780000,0x00000000d5780000,0x00000000e5380000)
  from space 22016K, 100% used [0x00000000e6f00000,0x00000000e8480000,0x00000000e8480000)
  to   space 28160K, 0% used [0x00000000e5380000,0x00000000e5380000,0x00000000e6f00000)
 ParOldGen       total 87552K, used 34246K [0x0000000080600000, 0x0000000085b80000, 0x00000000d5780000)
  object space 87552K, 39% used [0x0000000080600000,0x00000000827718f0,0x0000000085b80000)
 Metaspace       used 4569K, capacity 4894K, committed 5248K, reserved 1056768K
  class space    used 488K, capacity 530K, committed 640K, reserved 1048576K
}
Event: 1.332 GC heap before
{Heap before GC invocations=9 (full 0):
 PSYoungGen      total 280064K, used 280064K [0x00000000d5780000, 0x00000000e9080000, 0x0000000100000000)
  eden space 258048K, 100% used [0x00000000d5780000,0x00000000e5380000,0x00000000e5380000)
  from space 22016K, 100% used [0x00000000e6f00000,0x00000000e8480000,0x00000000e8480000)
  to   space 28160K, 0% used [0x00000000e5380000,0x00000000e5380000,0x00000000e6f00000)
 ParOldGen       total 87552K, used 34246K [0x0000000080600000, 0x0000000085b80000, 0x00000000d5780000)
  object space 87552K, 39% used [0x0000000080600000,0x00000000827718f0,0x0000000085b80000)
 Metaspace       used 4569K, capacity 4894K, committed 5248K, reserved 1056768K
  class space    used 488K, capacity 530K, committed 640K, reserved 1048576K
Event: 1.419 GC heap after
Heap after GC invocations=9 (full 0):
 PSYoungGen      total 286208K, used 28160K [0x00000000d5780000, 0x00000000f3b00000, 0x0000000100000000)
  eden space 258048K, 0% used [0x00000000d5780000,0x00000000d5780000,0x00000000e5380000)
  from space 28160K, 100% used [0x00000000e5380000,0x00000000e6f00000,0x00000000e6f00000)
  to   space 40960K, 0% used [0x00000000f1300000,0x00000000f1300000,0x00000000f3b00000)
 ParOldGen       total 87552K, used 54614K [0x0000000080600000, 0x0000000085b80000, 0x00000000d5780000)
  object space 87552K, 62% used [0x0000000080600000,0x0000000083b558f0,0x0000000085b80000)
 Metaspace       used 4569K, capacity 4894K, committed 5248K, reserved 1056768K
  class space    used 488K, capacity 530K, committed 640K, reserved 1048576K
}
Event: 1.680 GC heap before
{Heap before GC invocations=10 (full 0):
 PSYoungGen      total 286208K, used 286208K [0x00000000d5780000, 0x00000000f3b00000, 0x0000000100000000)
  eden space 258048K, 100% used [0x00000000d5780000,0x00000000e5380000,0x00000000e5380000)
  from space 28160K, 100% used [0x00000000e5380000,0x00000000e6f00000,0x00000000e6f00000)
  to   space 40960K, 0% used [0x00000000f1300000,0x00000000f1300000,0x00000000f3b00000)
 ParOldGen       total 87552K, used 54614K [0x0000000080600000, 0x0000000085b80000, 0x00000000d5780000)
  object space 87552K, 62% used [0x0000000080600000,0x0000000083b558f0,0x0000000085b80000)
 Metaspace       used 4569K, capacity 4894K, committed 5248K, reserved 1056768K
  class space    used 488K, capacity 530K, committed 640K, reserved 1048576K
Event: 1.742 GC heap after
Heap after GC invocations=10 (full 0):
 PSYoungGen      total 299008K, used 40960K [0x00000000d5780000, 0x00000000f3b00000, 0x0000000100000000)
  eden space 258048K, 0% used [0x00000000d5780000,0x00000000d5780000,0x00000000e5380000)
  from space 40960K, 100% used [0x00000000f1300000,0x00000000f3b00000,0x00000000f3b00000)
  to   space 28160K, 0% used [0x00000000e5380000,0x00000000e5380000,0x00000000e6f00000)
 ParOldGen       total 87552K, used 68606K [0x0000000080600000, 0x0000000085b80000, 0x00000000d5780000)
  object space 87552K, 78% used [0x0000000080600000,0x00000000848ff8f0,0x0000000085b80000)
 Metaspace       used 4569K, capacity 4894K, committed 5248K, reserved 1056768K
  class space    used 488K, capacity 530K, committed 640K, reserved 1048576K
}

Deoptimization events (10 events):
Event: 0.450 Thread 0x000000000272e000 Uncommon trap: reason=array_check action=maybe_recompile pc=0x0000000002bfb4e8 method=java.util.AbstractCollection.toArray([Ljava/lang/Object;)[Ljava/lang/Object; @ 119
Event: 0.450 Thread 0x000000000272e000 Uncommon trap: reason=array_check action=maybe_recompile pc=0x0000000002bfb4e8 method=java.util.AbstractCollection.toArray([Ljava/lang/Object;)[Ljava/lang/Object; @ 119
Event: 0.450 Thread 0x000000000272e000 Uncommon trap: reason=array_check action=maybe_recompile pc=0x0000000002bfb4e8 method=java.util.AbstractCollection.toArray([Ljava/lang/Object;)[Ljava/lang/Object; @ 119
Event: 0.451 Thread 0x000000000272e000 Uncommon trap: reason=array_check action=maybe_recompile pc=0x0000000002bfb4e8 method=java.util.AbstractCollection.toArray([Ljava/lang/Object;)[Ljava/lang/Object; @ 119
Event: 0.534 Thread 0x000000000272e000 Uncommon trap: reason=unstable_if action=reinterpret pc=0x0000000002be6900 method=java.util.regex.Pattern$Start.match(Ljava/util/regex/Matcher;ILjava/lang/CharSequence;)Z @ 10
Event: 0.535 Thread 0x000000000272e000 Uncommon trap: reason=unstable_if action=reinterpret pc=0x0000000002becf20 method=java.lang.Integer.parseInt(Ljava/lang/String;I)I @ 122
Event: 0.535 Thread 0x000000000272e000 Uncommon trap: reason=unstable_if action=reinterpret pc=0x0000000002bf44dc method=java.lang.Integer.valueOf(I)Ljava/lang/Integer; @ 3
Event: 0.535 Thread 0x000000000272e000 Uncommon trap: reason=unstable_if action=reinterpret pc=0x0000000002be2578 method=java.lang.Integer.parseInt(Ljava/lang/String;I)I @ 122
Event: 0.577 Thread 0x000000000272e000 Uncommon trap: reason=unstable_if action=reinterpret pc=0x0000000002bdcd80 method=java.util.regex.Pattern$Curly.match0(Ljava/util/regex/Matcher;IILjava/lang/CharSequence;)Z @ 34
Event: 1.747 Thread 0x000000000272e000 Uncommon trap: reason=unstable_if action=reinterpret pc=0x0000000002c8d32c method=sun.nio.cs.StreamDecoder.implRead([CII)I @ 87

Internal exceptions (6 events):
Event: 0.041 Thread 0x000000000272e000 Exception <a 'java/lang/NoSuchMethodError': Method sun.misc.Unsafe.defineClass(Ljava/lang/String;[BII)Ljava/lang/Class; name or signature does not match> (0x00000000d5787ca8) thrown at [C:\re\workspace\8-2-build-windows-amd64-cygwin\jdk8u144\9417\hotspot\
Event: 0.041 Thread 0x000000000272e000 Exception <a 'java/lang/NoSuchMethodError': Method sun.misc.Unsafe.prefetchRead(Ljava/lang/Object;J)V name or signature does not match> (0x00000000d5787f90) thrown at [C:\re\workspace\8-2-build-windows-amd64-cygwin\jdk8u144\9417\hotspot\src\share\vm\prims
Event: 0.263 Thread 0x000000000272e000 Exception <a 'java/security/PrivilegedActionException'> (0x00000000d5a23158) thrown at [C:\re\workspace\8-2-build-windows-amd64-cygwin\jdk8u144\9417\hotspot\src\share\vm\prims\jvm.cpp, line 1390]
Event: 0.263 Thread 0x000000000272e000 Exception <a 'java/security/PrivilegedActionException'> (0x00000000d5a23550) thrown at [C:\re\workspace\8-2-build-windows-amd64-cygwin\jdk8u144\9417\hotspot\src\share\vm\prims\jvm.cpp, line 1390]
Event: 0.264 Thread 0x000000000272e000 Exception <a 'java/security/PrivilegedActionException'> (0x00000000d5a27648) thrown at [C:\re\workspace\8-2-build-windows-amd64-cygwin\jdk8u144\9417\hotspot\src\share\vm\prims\jvm.cpp, line 1390]
Event: 0.264 Thread 0x000000000272e000 Exception <a 'java/security/PrivilegedActionException'> (0x00000000d5a27a40) thrown at [C:\re\workspace\8-2-build-windows-amd64-cygwin\jdk8u144\9417\hotspot\src\share\vm\prims\jvm.cpp, line 1390]

Events (10 events):
Event: 1.008 Executing VM operation: ParallelGCFailedAllocation
Event: 1.039 Executing VM operation: ParallelGCFailedAllocation done
Event: 1.116 Executing VM operation: ParallelGCFailedAllocation
Event: 1.142 Executing VM operation: ParallelGCFailedAllocation done
Event: 1.332 Executing VM operation: ParallelGCFailedAllocation
Event: 1.419 Executing VM operation: ParallelGCFailedAllocation done
Event: 1.680 Executing VM operation: ParallelGCFailedAllocation
Event: 1.742 Executing VM operation: ParallelGCFailedAllocation done
Event: 1.747 Thread 0x000000000272e000 Uncommon trap: trap_request=0xffffff65 fr.pc=0x0000000002c8d32c
Event: 1.747 Thread 0x000000000272e000 DEOPT PACKING pc=0x0000000002c8d32c sp=0x000000000282ed10


Dynamic libraries:
0x00007ff717e40000 - 0x00007ff717e77000 	C:\Program Files\Java\jdk1.8.0_144\bin\java.exe
0x00007ffacbe30000 - 0x00007ffacc00b000 	C:\Windows\SYSTEM32\ntdll.dll
0x00007ffac99c0000 - 0x00007ffac9a6e000 	C:\Windows\System32\KERNEL32.DLL
0x00007ffac8510000 - 0x00007ffac8759000 	C:\Windows\System32\KERNELBASE.dll
0x00007ffacb1b0000 - 0x00007ffacb251000 	C:\Windows\System32\ADVAPI32.dll
0x00007ffac9790000 - 0x00007ffac982d000 	C:\Windows\System32\msvcrt.dll
0x00007ffacb6a0000 - 0x00007ffacb6f9000 	C:\Windows\System32\sechost.dll
0x00007ffacb700000 - 0x00007ffacb825000 	C:\Windows\System32\RPCRT4.dll
0x00007ffacbb70000 - 0x00007ffacbcba000 	C:\Windows\System32\USER32.dll
0x00007ffac9370000 - 0x00007ffac938e000 	C:\Windows\System32\win32u.dll
0x00007ffac9390000 - 0x00007ffac93b7000 	C:\Windows\System32\GDI32.dll
0x00007ffac8760000 - 0x00007ffac88e8000 	C:\Windows\System32\gdi32full.dll
0x00007ffac92d0000 - 0x00007ffac936a000 	C:\Windows\System32\msvcp_win.dll
0x00007ffac8350000 - 0x00007ffac8446000 	C:\Windows\System32\ucrtbase.dll
0x00007ffabeab0000 - 0x00007ffabed17000 	C:\Windows\WinSxS\amd64_microsoft.windows.common-controls_6595b64144ccf1df_6.0.15063.483_none_26002d27e7c744a2\COMCTL32.dll
0x00007ffac9a70000 - 0x00007ffac9d69000 	C:\Windows\System32\combase.dll
0x00007ffac8450000 - 0x00007ffac84ba000 	C:\Windows\System32\bcryptPrimitives.dll
0x00007ffacb9f0000 - 0x00007ffacba1d000 	C:\Windows\System32\IMM32.DLL
0x0000000075690000 - 0x0000000075762000 	C:\Program Files\Java\jdk1.8.0_144\jre\bin\msvcr100.dll
0x0000000076280000 - 0x0000000076b1d000 	C:\Program Files\Java\jdk1.8.0_144\jre\bin\server\jvm.dll
0x00007ffacbe20000 - 0x00007ffacbe28000 	C:\Windows\System32\PSAPI.DLL
0x00007ffab6850000 - 0x00007ffab6859000 	C:\Windows\SYSTEM32\WSOCK32.dll
0x00007ffac9950000 - 0x00007ffac99bc000 	C:\Windows\System32\WS2_32.dll
0x00007ffac51a0000 - 0x00007ffac51c3000 	C:\Windows\SYSTEM32\WINMM.dll
0x00007ffac3bb0000 - 0x00007ffac3bba000 	C:\Windows\SYSTEM32\VERSION.dll
0x00007ffac5140000 - 0x00007ffac516b000 	C:\Windows\SYSTEM32\WINMMBASE.dll
0x00007ffac84c0000 - 0x00007ffac8509000 	C:\Windows\System32\cfgmgr32.dll
0x0000000076190000 - 0x000000007619f000 	C:\Program Files\Java\jdk1.8.0_144\jre\bin\verify.dll
0x0000000076160000 - 0x0000000076189000 	C:\Program Files\Java\jdk1.8.0_144\jre\bin\java.dll
0x0000000075620000 - 0x0000000075655000 	C:\Program Files\Java\jdk1.8.0_144\jre\bin\jdwp.dll
0x0000000075610000 - 0x0000000075618000 	C:\Program Files\Java\jdk1.8.0_144\jre\bin\npt.dll
0x0000000076140000 - 0x0000000076156000 	C:\Program Files\Java\jdk1.8.0_144\jre\bin\zip.dll
0x00007ffac9d70000 - 0x00007ffacb1a7000 	C:\Windows\System32\SHELL32.dll
0x00007ffac9830000 - 0x00007ffac98da000 	C:\Windows\System32\shcore.dll
0x00007ffac8bd0000 - 0x00007ffac92c3000 	C:\Windows\System32\windows.storage.dll
0x00007ffac93c0000 - 0x00007ffac9411000 	C:\Windows\System32\shlwapi.dll
0x00007ffac8330000 - 0x00007ffac8341000 	C:\Windows\System32\kernel.appcore.dll
0x00007ffac82c0000 - 0x00007ffac830c000 	C:\Windows\System32\powrprof.dll
0x00007ffac8310000 - 0x00007ffac8325000 	C:\Windows\System32\profapi.dll
0x0000000075600000 - 0x0000000075609000 	C:\Program Files\Java\jdk1.8.0_144\jre\bin\dt_socket.dll
0x00007ffac7b50000 - 0x00007ffac7bac000 	C:\Windows\system32\mswsock.dll
0x0000000076110000 - 0x000000007612a000 	C:\Program Files\Java\jdk1.8.0_144\jre\bin\net.dll
0x00000000760f0000 - 0x0000000076101000 	C:\Program Files\Java\jdk1.8.0_144\jre\bin\nio.dll

VM Arguments:
jvm_args: -agentlib:jdwp=transport=dt_socket,address=127.0.0.1:60794,suspend=y,server=n -Dfile.encoding=GBK 
java_command: dk.aau.cs.idq.indoorentities.Person
java_class_path (initial): C:\Program Files\Java\jdk1.8.0_144\jre\lib\charsets.jar;C:\Program Files\Java\jdk1.8.0_144\jre\lib\deploy.jar;C:\Program Files\Java\jdk1.8.0_144\jre\lib\ext\access-bridge-64.jar;C:\Program Files\Java\jdk1.8.0_144\jre\lib\ext\cldrdata.jar;C:\Program Files\Java\jdk1.8.0_144\jre\lib\ext\dnsns.jar;C:\Program Files\Java\jdk1.8.0_144\jre\lib\ext\jaccess.jar;C:\Program Files\Java\jdk1.8.0_144\jre\lib\ext\jfxrt.jar;C:\Program Files\Java\jdk1.8.0_144\jre\lib\ext\localedata.jar;C:\Program Files\Java\jdk1.8.0_144\jre\lib\ext\nashorn.jar;C:\Program Files\Java\jdk1.8.0_144\jre\lib\ext\sunec.jar;C:\Program Files\Java\jdk1.8.0_144\jre\lib\ext\sunjce_provider.jar;C:\Program Files\Java\jdk1.8.0_144\jre\lib\ext\sunmscapi.jar;C:\Program Files\Java\jdk1.8.0_144\jre\lib\ext\sunpkcs11.jar;C:\Program Files\Java\jdk1.8.0_144\jre\lib\ext\zipfs.jar;C:\Program Files\Java\jdk1.8.0_144\jre\lib\javaws.jar;C:\Program Files\Java\jdk1.8.0_144\jre\lib\jce.jar;C:\Program Files\Java\jdk1.8.0_144\jre\lib\jfr.jar;C:\Program Files\Java\jdk1.8.0_144\jre\lib\jfxswt.jar;C:\Program Files\Java\jdk1.8.0_144\jre\lib\jsse.jar;C:\Program Files\Java\jdk1.8.0_144\jre\lib\management-agent.jar;C:\Program Files\Java\jdk1.8.0_144\jre\lib\plugin.jar;C:\Program Files\Java\jdk1.8.0_144\jre\lib\resources.jar;C:\Program Files\Java\jdk1.8.0_144\jre\lib\rt.jar;E:\DIR_test\target\classes;C:\Users\54295\.m2\repository\org\apache\commons\commons-math3\3.0\commons-math3-3.0.jar;C:\Program Files\JetBrains\IntelliJ IDEA 2017.2\lib\idea_rt.jar
Launcher Type: SUN_STANDARD

Environment Variables:
JAVA_HOME=C:\Program Files\Java\jdk1.8.0_144
CLASSPATH=.;C:\Program Files\Java\jdk1.8.0_144\lib;C:\Program Files\Java\jdk1.8.0_144\lib\dt.jar;C:\Program Files\Java\jdk1.8.0_144\lib\tools.jar
PATH=C:\ProgramData\Oracle\Java\javapath;C:\Windows\system32;C:\Windows;C:\Windows\System32\Wbem;C:\Windows\System32\WindowsPowerShell\v1.0\;C:\curl\bin;C:\Program Files\Java\jdk1.8.0_144\bin;C:\Program Files\Java\jdk1.8.0_144\jre\bin;C:\Users\54295\IdeaProjects\apache-maven-3.5.0/bin;C:\Users\54295\IdeaProjects\apache-tomcat-8.5.16/bin;C:\Python27;C:\Python27\Scripts;C:\Users\54295\AppData\Local\Microsoft\WindowsApps;
USERNAME=54295
OS=Windows_NT
PROCESSOR_IDENTIFIER=Intel64 Family 6 Model 58 Stepping 9, GenuineIntel



---------------  S Y S T E M  ---------------

OS: Windows 10.0 , 64 bit Build 15063 (10.0.15063.296)

CPU:total 4 (initial active 4) (4 cores per cpu, 1 threads per core) family 6 model 58 stepping 9, cmov, cx8, fxsr, mmx, sse, sse2, sse3, ssse3, sse4.1, sse4.2, popcnt, avx, aes, clmul, erms, tsc, tscinvbit, tscinv

Memory: 4k page, physical 8357972k(1793960k free), swap 33523796k(4160k free)

vm_info: Java HotSpot(TM) 64-Bit Server VM (25.144-b01) for windows-amd64 JRE (1.8.0_144-b01), built on Jul 21 2017 21:57:33 by "java_re" with MS VC++ 10.0 (VS2010)

time: Thu Aug 31 11:37:00 2017
elapsed time: 1 seconds (0d 0h 0m 1s)

